# JRE version: Java(TM) SE Runtime Environment (8.0_72-b15) (build 1.8.0_72-b15)
# Java VM: Java HotSpot(TM) 64-Bit Server VM (25.72-b15 mixed mode linux-amd64 compressed oops)
Heap:
 PSYoungGen      total 1093120K, used 76548K [0x000000076cf80000, 0x00000007c0000000, 0x00000007c0000000)
  eden space 832000K, 9% used [0x000000076cf80000,0x0000000771a41298,0x000000079fc00000)
  from space 261120K, 0% used [0x00000007b0100000,0x00000007b0100000,0x00000007c0000000)
  to   space 264192K, 0% used [0x000000079fc00000,0x000000079fc00000,0x00000007afe00000)
 ParOldGen       total 551936K, used 241053K [0x00000006c6e00000, 0x00000006e8900000, 0x000000076cf80000)
  object space 551936K, 43% used [0x00000006c6e00000,0x00000006d5967730,0x00000006e8900000)
 Metaspace       used 95379K, capacity 97287K, committed 97496K, reserved 1134592K
  class space    used 11246K, capacity 11669K, committed 11776K, reserved 1048576K
GC Heap History (10 events):
Event: 52,018 GC heap before
{Heap before GC invocations=33 (full 4):
 PSYoungGen      total 1076736K, used 859457K [0x000000076cf80000, 0x00000007bec80000, 0x00000007c0000000)
  eden space 820224K, 100% used [0x000000076cf80000,0x000000079f080000,0x000000079f080000)
  from space 256512K, 15% used [0x00000007af200000,0x00000007b18507e8,0x00000007bec80000)
  to   space 260096K, 0% used [0x000000079f080000,0x000000079f080000,0x00000007aee80000)
 ParOldGen       total 363520K, used 117950K [0x00000006c6e00000, 0x00000006dd100000, 0x000000076cf80000)
  object space 363520K, 32% used [0x00000006c6e00000,0x00000006ce12f8f0,0x00000006dd100000)
 Metaspace       used 75583K, capacity 76546K, committed 76800K, reserved 1116160K
  class space    used 9166K, capacity 9428K, committed 9472K, reserved 1048576K
Event: 52,130 GC heap after
Heap after GC invocations=33 (full 4):
 PSYoungGen      total 1080320K, used 80723K [0x000000076cf80000, 0x00000007be580000, 0x00000007c0000000)
  eden space 820224K, 0% used [0x000000076cf80000,0x000000076cf80000,0x000000079f080000)
  from space 260096K, 31% used [0x000000079f080000,0x00000007a3f54c28,0x00000007aee80000)
  to   space 244736K, 0% used [0x00000007af680000,0x00000007af680000,0x00000007be580000)
 ParOldGen       total 363520K, used 117958K [0x00000006c6e00000, 0x00000006dd100000, 0x000000076cf80000)
  object space 363520K, 32% used [0x00000006c6e00000,0x00000006ce1318f0,0x00000006dd100000)
 Metaspace       used 75583K, capacity 76546K, committed 76800K, reserved 1116160K
  class space    used 9166K, capacity 9428K, committed 9472K, reserved 1048576K
}
Event: 55,661 GC heap before
{Heap before GC invocations=34 (full 4):
 PSYoungGen      total 1080320K, used 900947K [0x000000076cf80000, 0x00000007be580000, 0x00000007c0000000)
  eden space 820224K, 100% used [0x000000076cf80000,0x000000079f080000,0x000000079f080000)
  from space 260096K, 31% used [0x000000079f080000,0x00000007a3f54c28,0x00000007aee80000)
  to   space 244736K, 0% used [0x00000007af680000,0x00000007af680000,0x00000007be580000)
 ParOldGen       total 363520K, used 117958K [0x00000006c6e00000, 0x00000006dd100000, 0x000000076cf80000)
  object space 363520K, 32% used [0x00000006c6e00000,0x00000006ce1318f0,0x00000006dd100000)
 Metaspace       used 76365K, capacity 77282K, committed 77568K, reserved 1118208K
  class space    used 9219K, capacity 9460K, committed 9472K, reserved 1048576K
Event: 55,772 GC heap after
Heap after GC invocations=34 (full 4):
 PSYoungGen      total 1090560K, used 104875K [0x000000076cf80000, 0x00000007bde00000, 0x00000007c0000000)
  eden space 853504K, 0% used [0x000000076cf80000,0x000000076cf80000,0x00000007a1100000)
  from space 237056K, 44% used [0x00000007af680000,0x00000007b5ceaea0,0x00000007bde00000)
  to   space 235008K, 0% used [0x00000007a1100000,0x00000007a1100000,0x00000007af680000)
 ParOldGen       total 363520K, used 117966K [0x00000006c6e00000, 0x00000006dd100000, 0x000000076cf80000)
  object space 363520K, 32% used [0x00000006c6e00000,0x00000006ce1338f0,0x00000006dd100000)
 Metaspace       used 76365K, capacity 77282K, committed 77568K, reserved 1118208K
  class space    used 9219K, capacity 9460K, committed 9472K, reserved 1048576K
}
Event: 65,953 GC heap before
{Heap before GC invocations=35 (full 4):
 PSYoungGen      total 1090560K, used 958379K [0x000000076cf80000, 0x00000007bde00000, 0x00000007c0000000)
  eden space 853504K, 100% used [0x000000076cf80000,0x00000007a1100000,0x00000007a1100000)
  from space 237056K, 44% used [0x00000007af680000,0x00000007b5ceaea0,0x00000007bde00000)
  to   space 235008K, 0% used [0x00000007a1100000,0x00000007a1100000,0x00000007af680000)
 ParOldGen       total 363520K, used 117966K [0x00000006c6e00000, 0x00000006dd100000, 0x000000076cf80000)
  object space 363520K, 32% used [0x00000006c6e00000,0x00000006ce1338f0,0x00000006dd100000)
 Metaspace       used 87838K, capacity 89018K, committed 89216K, reserved 1128448K
  class space    used 10478K, capacity 10798K, committed 10880K, reserved 1048576K
Event: 66,167 GC heap after
Heap after GC invocations=35 (full 4):
 PSYoungGen      total 1088512K, used 198708K [0x000000076cf80000, 0x00000007c0000000, 0x00000007c0000000)
  eden space 853504K, 0% used [0x000000076cf80000,0x000000076cf80000,0x00000007a1100000)
  from space 235008K, 84% used [0x00000007a1100000,0x00000007ad30d210,0x00000007af680000)
  to   space 261120K, 0% used [0x00000007b0100000,0x00000007b0100000,0x00000007c0000000)
 ParOldGen       total 363520K, used 117974K [0x00000006c6e00000, 0x00000006dd100000, 0x000000076cf80000)
  object space 363520K, 32% used [0x00000006c6e00000,0x00000006ce1358f0,0x00000006dd100000)
 Metaspace       used 87838K, capacity 89018K, committed 89216K, reserved 1128448K
  class space    used 10478K, capacity 10798K, committed 10880K, reserved 1048576K
}
Event: 143,423 GC heap before
{Heap before GC invocations=36 (full 4):
 PSYoungGen      total 1088512K, used 725221K [0x000000076cf80000, 0x00000007c0000000, 0x00000007c0000000)
  eden space 853504K, 61% used [0x000000076cf80000,0x000000078d1ac528,0x00000007a1100000)
  from space 235008K, 84% used [0x00000007a1100000,0x00000007ad30d210,0x00000007af680000)
  to   space 261120K, 0% used [0x00000007b0100000,0x00000007b0100000,0x00000007c0000000)
 ParOldGen       total 363520K, used 117974K [0x00000006c6e00000, 0x00000006dd100000, 0x000000076cf80000)
  object space 363520K, 32% used [0x00000006c6e00000,0x00000006ce1358f0,0x00000006dd100000)
 Metaspace       used 94672K, capacity 96531K, committed 96600K, reserved 1134592K
  class space    used 11235K, capacity 11648K, committed 11648K, reserved 1048576K
Event: 143,526 GC heap after
Heap after GC invocations=36 (full 4):
 PSYoungGen      total 1093120K, used 152389K [0x000000076cf80000, 0x00000007c0000000, 0x00000007c0000000)
  eden space 832000K, 0% used [0x000000076cf80000,0x000000076cf80000,0x000000079fc00000)
  from space 261120K, 58% used [0x00000007b0100000,0x00000007b95d1470,0x00000007c0000000)
  to   space 264192K, 0% used [0x000000079fc00000,0x000000079fc00000,0x00000007afe00000)
 ParOldGen       total 363520K, used 117982K [0x00000006c6e00000, 0x00000006dd100000, 0x000000076cf80000)
  object space 363520K, 32% used [0x00000006c6e00000,0x00000006ce1378f0,0x00000006dd100000)
 Metaspace       used 94672K, capacity 96531K, committed 96600K, reserved 1134592K
  class space    used 11235K, capacity 11648K, committed 11648K, reserved 1048576K
}
Event: 143,526 GC heap before
{Heap before GC invocations=37 (full 5):
 PSYoungGen      total 1093120K, used 152389K [0x000000076cf80000, 0x00000007c0000000, 0x00000007c0000000)
  eden space 832000K, 0% used [0x000000076cf80000,0x000000076cf80000,0x000000079fc00000)
  from space 261120K, 58% used [0x00000007b0100000,0x00000007b95d1470,0x00000007c0000000)
  to   space 264192K, 0% used [0x000000079fc00000,0x000000079fc00000,0x00000007afe00000)
 ParOldGen       total 363520K, used 117982K [0x00000006c6e00000, 0x00000006dd100000, 0x000000076cf80000)
  object space 363520K, 32% used [0x00000006c6e00000,0x00000006ce1378f0,0x00000006dd100000)
 Metaspace       used 94672K, capacity 96531K, committed 96600K, reserved 1134592K
  class space    used 11235K, capacity 11648K, committed 11648K, reserved 1048576K
Event: 144,547 GC heap after
Heap after GC invocations=37 (full 5):
 PSYoungGen      total 1093120K, used 0K [0x000000076cf80000, 0x00000007c0000000, 0x00000007c0000000)
  eden space 832000K, 0% used [0x000000076cf80000,0x000000076cf80000,0x000000079fc00000)
  from space 261120K, 0% used [0x00000007b0100000,0x00000007b0100000,0x00000007c0000000)
  to   space 264192K, 0% used [0x000000079fc00000,0x000000079fc00000,0x00000007afe00000)
 ParOldGen       total 551936K, used 241053K [0x00000006c6e00000, 0x00000006e8900000, 0x000000076cf80000)
  object space 551936K, 43% used [0x00000006c6e00000,0x00000006d5967730,0x00000006e8900000)
 Metaspace       used 94498K, capacity 96243K, committed 96600K, reserved 1134592K
  class space    used 11208K, capacity 11600K, committed 11648K, reserved 1048576K
}

